<?xml version="1.0" encoding="UTF-8" ?>
<testsuite tests="6" failures="0" name="fr.elfoa.drone.DroneTest" time="0.024" errors="0" skipped="0">
  <properties>
[...]
</properties>
  <testcase classname="fr.elfoa.drone.DroneTest" name="getCurrentPosition" time="0.006"/>
  <testcase classname="fr.elfoa.drone.DroneTest" name="tackOff" time="0.005"/>
  <testcase classname="fr.elfoa.drone.DroneTest" name="testCDI" time="0.002"/>
  <testcase classname="fr.elfoa.drone.DroneTest" name="isCanFly" time="0.004"/>
  <testcase classname="fr.elfoa.drone.DroneTest" name="landing" time="0.005"/>
  <testcase classname="fr.elfoa.drone.DroneTest" name="flyTo" time="0.002"/>
</testsuite>