<?xml version="1.0" encoding="UTF-8" ?>
<testsuite tests="2" failures="0" name="fr.elfoa.hello.HelloTest" time="0.74" errors="2" skipped="0">
  <properties>
[...]
</properties>
  <testcase classname="fr.elfoa.hello.HelloTest" name="fr.elfoa.hello.HelloTest" time="0.37">
    <error message="WELD-001408: Unsatisfied dependencies for type Point with qualifiers @Default
  at injection point [BackedAnnotatedField] @Inject private fr.elfoa.drone.impl.Drone.current
  at fr.elfoa.drone.impl.Drone.current(Drone.java:0)
" type="org.jboss.weld.exceptions.DeploymentException">org.jboss.weld.exceptions.DeploymentException: WELD-001408: Unsatisfied dependencies for type Point with qualifiers @Default
  at injection point [BackedAnnotatedField] @Inject private fr.elfoa.drone.impl.Drone.current
  at fr.elfoa.drone.impl.Drone.current(Drone.java:0)

	at org.jboss.weld.bootstrap.Validator.validateInjectionPointForDeploymentProblems(Validator.java:359)
	at org.jboss.weld.bootstrap.Validator.validateInjectionPoint(Validator.java:281)
	at org.jboss.weld.bootstrap.Validator.validateGeneralBean(Validator.java:134)
	at org.jboss.weld.bootstrap.Validator.validateRIBean(Validator.java:155)
	at org.jboss.weld.bootstrap.Validator.validateBean(Validator.java:518)
	at org.jboss.weld.bootstrap.ConcurrentValidator$1.doWork(ConcurrentValidator.java:68)
	at org.jboss.weld.bootstrap.ConcurrentValidator$1.doWork(ConcurrentValidator.java:66)
	at org.jboss.weld.executor.IterativeWorkerTaskFactory$1.call(IterativeWorkerTaskFactory.java:63)
	at org.jboss.weld.executor.IterativeWorkerTaskFactory$1.call(IterativeWorkerTaskFactory.java:56)
	at java.util.concurrent.FutureTask.run(FutureTask.java:266)
	at java.util.concurrent.ThreadPoolExecutor.runWorker(ThreadPoolExecutor.java:1149)
	at java.util.concurrent.ThreadPoolExecutor$Worker.run(ThreadPoolExecutor.java:624)
	at java.lang.Thread.run(Thread.java:748)
</error>
    <system-err>mars 21, 2018 8:09:12 PM org.jboss.weld.bootstrap.WeldStartup startContainer
INFO: WELD-000101: Transactional services not available. Injection of @Inject UserTransaction not available. Transactional observers will be invoked synchronously.
mars 21, 2018 8:09:12 PM org.jboss.weld.event.ExtensionObserverMethodImpl checkRequiredTypeAnnotations
INFO: WELD-000411: Observer method [BackedAnnotatedMethod] protected org.apache.deltaspike.core.impl.exclude.extension.ExcludeExtension.vetoBeans(@Observes ProcessAnnotatedType, BeanManager) receives events for all annotated types. Consider restricting events using @WithAnnotations or a generic type with bounds.
mars 21, 2018 8:09:12 PM org.jboss.weld.event.ExtensionObserverMethodImpl checkRequiredTypeAnnotations
INFO: WELD-000411: Observer method [BackedAnnotatedMethod] protected org.apache.deltaspike.core.impl.message.MessageBundleExtension.detectInterfaces(@Observes ProcessAnnotatedType) receives events for all annotated types. Consider restricting events using @WithAnnotations or a generic type with bounds.
mars 21, 2018 8:09:12 PM org.apache.deltaspike.core.util.ClassDeactivationUtils cacheResult
INFOS: class: org.apache.deltaspike.core.impl.exclude.extension.ExcludeExtension activated=true
mars 21, 2018 8:09:12 PM org.apache.deltaspike.core.util.ClassDeactivationUtils cacheResult
INFOS: class: org.apache.deltaspike.core.impl.exclude.CustomProjectStageBeanFilter activated=true
mars 21, 2018 8:09:12 PM org.apache.deltaspike.core.util.ClassDeactivationUtils cacheResult
INFOS: class: org.apache.deltaspike.core.impl.exclude.GlobalAlternative activated=true
mars 21, 2018 8:09:12 PM org.apache.deltaspike.core.util.ClassDeactivationUtils cacheResult
INFOS: class: org.apache.deltaspike.core.impl.scope.DeltaSpikeContextExtension activated=true
mars 21, 2018 8:09:12 PM org.apache.deltaspike.core.util.ClassDeactivationUtils cacheResult
INFOS: class: org.apache.deltaspike.core.impl.message.MessageBundleExtension activated=true
mars 21, 2018 8:09:12 PM org.apache.deltaspike.core.util.ClassDeactivationUtils cacheResult
INFOS: class: org.apache.deltaspike.core.impl.message.NamedMessageBundleInvocationHandler activated=true
mars 21, 2018 8:09:12 PM org.apache.deltaspike.core.util.ClassDeactivationUtils cacheResult
INFOS: class: org.apache.deltaspike.core.impl.jmx.MBeanExtension activated=true
mars 21, 2018 8:09:12 PM org.apache.deltaspike.core.util.ClassDeactivationUtils cacheResult
INFOS: class: org.apache.deltaspike.core.impl.config.ConfigurationExtension activated=true
mars 21, 2018 8:09:12 PM org.apache.deltaspike.core.util.ClassDeactivationUtils cacheResult
INFOS: class: org.apache.deltaspike.core.impl.exception.control.extension.ExceptionControlExtension activated=true
mars 21, 2018 8:09:12 PM org.apache.deltaspike.core.util.ProjectStageProducer initProjectStage
INFOS: Computed the following DeltaSpike ProjectStage: Production
mars 21, 2018 8:09:12 PM org.jboss.weld.util.Beans omitIllegalBeanTypes
INFO: WELD-001125: Illegal bean type java.util.Comparator&lt;org.apache.deltaspike.core.api.exception.control.HandlerMethod&lt;?&gt;&gt; ignored on [EnhancedAnnotatedTypeImpl] public final  class org.apache.deltaspike.core.impl.exception.control.ExceptionHandlerComparator
mars 21, 2018 8:09:12 PM org.jboss.weld.util.Beans omitIllegalBeanTypes
INFO: WELD-001125: Illegal bean type java.util.Comparator&lt;javax.enterprise.inject.spi.AnnotatedCallable&lt;? super T&gt;&gt; ignored on [EnhancedAnnotatedTypeImpl] private static  class org.apache.deltaspike.core.util.Annotateds$AnnotatedCallableComparator
mars 21, 2018 8:09:12 PM org.jboss.weld.util.Beans omitIllegalBeanTypes
INFO: WELD-001125: Illegal bean type java.util.Comparator&lt;javax.enterprise.inject.spi.AnnotatedConstructor&lt;? super T&gt;&gt; ignored on [EnhancedAnnotatedTypeImpl] private static  class org.apache.deltaspike.core.util.Annotateds$AnnotatedConstructorComparator
mars 21, 2018 8:09:12 PM org.jboss.weld.util.Beans omitIllegalBeanTypes
INFO: WELD-001125: Illegal bean type java.util.Comparator&lt;javax.enterprise.inject.spi.AnnotatedField&lt;? super T&gt;&gt; ignored on [EnhancedAnnotatedTypeImpl] private static  class org.apache.deltaspike.core.util.Annotateds$AnnotatedFieldComparator
mars 21, 2018 8:09:12 PM org.jboss.weld.util.Beans omitIllegalBeanTypes
INFO: WELD-001125: Illegal bean type java.util.Comparator&lt;javax.enterprise.inject.spi.AnnotatedMethod&lt;? super T&gt;&gt; ignored on [EnhancedAnnotatedTypeImpl] private static  class org.apache.deltaspike.core.util.Annotateds$AnnotatedMethodComparator
</system-err>
  </testcase>
  <testcase classname="fr.elfoa.hello.HelloTest" name="fr.elfoa.hello.HelloTest" time="0.37">
    <error type="java.lang.NullPointerException">java.lang.NullPointerException
	at fr.elfoa.AbstractBootstraper.shutdown(AbstractBootstraper.java:57)
	at fr.elfoa.hello.HelloTest.stop(HelloTest.java:38)
	at sun.reflect.NativeMethodAccessorImpl.invoke0(Native Method)
	at sun.reflect.NativeMethodAccessorImpl.invoke(NativeMethodAccessorImpl.java:62)
	at sun.reflect.DelegatingMethodAccessorImpl.invoke(DelegatingMethodAccessorImpl.java:43)
	at java.lang.reflect.Method.invoke(Method.java:498)
	at org.junit.runners.model.FrameworkMethod$1.runReflectiveCall(FrameworkMethod.java:47)
	at org.junit.internal.runners.model.ReflectiveCallable.run(ReflectiveCallable.java:12)
	at org.junit.runners.model.FrameworkMethod.invokeExplosively(FrameworkMethod.java:44)
	at org.junit.internal.runners.statements.RunAfters.evaluate(RunAfters.java:33)
	at org.junit.runners.ParentRunner.run(ParentRunner.java:309)
	at org.apache.maven.surefire.junit4.JUnit4Provider.execute(JUnit4Provider.java:252)
	at org.apache.maven.surefire.junit4.JUnit4Provider.executeTestSet(JUnit4Provider.java:141)
	at org.apache.maven.surefire.junit4.JUnit4Provider.invoke(JUnit4Provider.java:112)
	at sun.reflect.NativeMethodAccessorImpl.invoke0(Native Method)
	at sun.reflect.NativeMethodAccessorImpl.invoke(NativeMethodAccessorImpl.java:62)
	at sun.reflect.DelegatingMethodAccessorImpl.invoke(DelegatingMethodAccessorImpl.java:43)
	at java.lang.reflect.Method.invoke(Method.java:498)
	at org.apache.maven.surefire.util.ReflectionUtils.invokeMethodWithArray(ReflectionUtils.java:189)
	at org.apache.maven.surefire.booter.ProviderFactory$ProviderProxy.invoke(ProviderFactory.java:165)
	at org.apache.maven.surefire.booter.ProviderFactory.invokeProvider(ProviderFactory.java:85)
	at org.apache.maven.surefire.booter.ForkedBooter.runSuitesInProcess(ForkedBooter.java:115)
	at org.apache.maven.surefire.booter.ForkedBooter.main(ForkedBooter.java:75)
</error>
  </testcase>
</testsuite>